{"type":"telemetry","ts":"2026-02-25T07:58:43.996Z","cpuPercent":20.21,"memoryMb":{"rss":48,"heapUsed":10.77,"heapTotal":16.81,"external":3.39},"eventLoopLagMs":{"mean":33.3,"max":138.28},"gc":{"count":14,"totalDurationMs":11.17,"heapDropEvents":0},"tickMs":{"avg":1.36,"max":30.62,"count":316}}
{"type":"telemetry","ts":"2026-02-25T07:58:49.005Z","cpuPercent":32.14,"memoryMb":{"rss":50.11,"heapUsed":9.86,"heapTotal":17.06,"external":3.02},"eventLoopLagMs":{"mean":31.29,"max":40.8},"gc":{"count":21,"totalDurationMs":10.14,"heapDropEvents":1},"tickMs":{"avg":0.52,"max":5.5,"count":1000}}
{"type":"telemetry","ts":"2026-02-25T07:58:54.010Z","cpuPercent":19.36,"memoryMb":{"rss":51.22,"heapUsed":10.97,"heapTotal":17.31,"external":3.42},"eventLoopLagMs":{"mean":30.67,"max":57.44},"gc":{"count":21,"totalDurationMs":9.76,"heapDropEvents":1},"tickMs":{"avg":0.5,"max":2.53,"count":1007}}
{"type":"telemetry","ts":"2026-02-25T07:58:59.019Z","cpuPercent":21.82,"memoryMb":{"rss":51.39,"heapUsed":11.06,"heapTotal":17.31,"external":3.36},"eventLoopLagMs":{"mean":30.63,"max":55.05},"gc":{"count":21,"totalDurationMs":9.68,"heapDropEvents":1},"tickMs":{"avg":0.6,"max":7,"count":996}}
{"type":"telemetry","ts":"2026-02-25T07:59:04.023Z","cpuPercent":19.68,"memoryMb":{"rss":57.2,"heapUsed":8,"heapTotal":25.31,"external":2.27},"eventLoopLagMs":{"mean":31.17,"max":39.58},"gc":{"count":16,"totalDurationMs":10.23,"heapDropEvents":2},"tickMs":{"avg":0.5,"max":3.3,"count":996}}
{"type":"telemetry","ts":"2026-02-25T07:59:09.022Z","cpuPercent":9.04,"memoryMb":{"rss":59.58,"heapUsed":13.34,"heapTotal":25.31,"external":4.68},"eventLoopLagMs":{"mean":31.11,"max":62.98},"gc":{"count":10,"totalDurationMs":6.19,"heapDropEvents":2},"tickMs":{"avg":0.52,"max":12.84,"count":1003}}
{"type":"telemetry","ts":"2026-02-25T07:59:14.034Z","cpuPercent":18.72,"memoryMb":{"rss":59.77,"heapUsed":13.24,"heapTotal":25.31,"external":4.52},"eventLoopLagMs":{"mean":31.1,"max":44.99},"gc":{"count":11,"totalDurationMs":6.27,"heapDropEvents":3},"tickMs":{"avg":0.52,"max":6.59,"count":1003}}
{"type":"telemetry","ts":"2026-02-25T07:59:19.040Z","cpuPercent":6.87,"memoryMb":{"rss":59.46,"heapUsed":12.98,"heapTotal":25.31,"external":4.42},"eventLoopLagMs":{"mean":31.88,"max":102.5},"gc":{"count":11,"totalDurationMs":6.23,"heapDropEvents":4},"tickMs":{"avg":0.59,"max":16.03,"count":1004}}
{"type":"telemetry","ts":"2026-02-25T07:59:24.040Z","cpuPercent":11.56,"memoryMb":{"rss":58.8,"heapUsed":12.19,"heapTotal":25.31,"external":3.9},"eventLoopLagMs":{"mean":31.23,"max":45.32},"gc":{"count":11,"totalDurationMs":6.17,"heapDropEvents":5},"tickMs":{"avg":0.51,"max":5.64,"count":995}}
{"type":"telemetry","ts":"2026-02-25T07:59:29.043Z","cpuPercent":6.56,"memoryMb":{"rss":58.12,"heapUsed":10.63,"heapTotal":25.56,"external":3.11},"eventLoopLagMs":{"mean":31.25,"max":37.75},"gc":{"count":11,"totalDurationMs":5.79,"heapDropEvents":6},"tickMs":{"avg":0.47,"max":2.66,"count":1001}}
{"type":"telemetry","ts":"2026-02-25T07:59:34.046Z","cpuPercent":10.61,"memoryMb":{"rss":58.35,"heapUsed":9.4,"heapTotal":25.56,"external":2.61},"eventLoopLagMs":{"mean":31.35,"max":35.91},"gc":{"count":11,"totalDurationMs":5.4,"heapDropEvents":7},"tickMs":{"avg":0.48,"max":2.42,"count":1006}}
{"type":"telemetry","ts":"2026-02-25T07:59:39.056Z","cpuPercent":17.79,"memoryMb":{"rss":60.12,"heapUsed":14.66,"heapTotal":25.56,"external":4.98},"eventLoopLagMs":{"mean":31.31,"max":38.01},"gc":{"count":10,"totalDurationMs":5.45,"heapDropEvents":7},"tickMs":{"avg":0.5,"max":2.61,"count":1001}}
{"type":"telemetry","ts":"2026-02-25T07:59:44.056Z","cpuPercent":10.32,"memoryMb":{"rss":59.53,"heapUsed":13.24,"heapTotal":25.81,"external":4.11},"eventLoopLagMs":{"mean":31.24,"max":66.58},"gc":{"count":11,"totalDurationMs":5.71,"heapDropEvents":8},"tickMs":{"avg":0.47,"max":2.15,"count":997}}
{"type":"telemetry","ts":"2026-02-25T07:59:49.061Z","cpuPercent":12.81,"memoryMb":{"rss":59.67,"heapUsed":12.16,"heapTotal":26.06,"external":3.49},"eventLoopLagMs":{"mean":31.18,"max":41.75},"gc":{"count":11,"totalDurationMs":5.03,"heapDropEvents":9},"tickMs":{"avg":0.47,"max":1.26,"count":1000}}
{"type":"telemetry","ts":"2026-02-25T07:59:54.062Z","cpuPercent":9.36,"memoryMb":{"rss":58.52,"heapUsed":10.67,"heapTotal":26.06,"external":2.62},"eventLoopLagMs":{"mean":31.24,"max":40.4},"gc":{"count":11,"totalDurationMs":5.21,"heapDropEvents":10},"tickMs":{"avg":0.45,"max":1.62,"count":1000}}
{"type":"telemetry","ts":"2026-02-25T07:59:59.063Z","cpuPercent":18.12,"memoryMb":{"rss":61.68,"heapUsed":15.51,"heapTotal":26.31,"external":4.95},"eventLoopLagMs":{"mean":31.33,"max":41.58},"gc":{"count":10,"totalDurationMs":4.85,"heapDropEvents":10},"tickMs":{"avg":0.48,"max":1.65,"count":1001}}
{"type":"telemetry","ts":"2026-02-25T08:00:04.074Z","cpuPercent":11.24,"memoryMb":{"rss":67.73,"heapUsed":20.35,"heapTotal":42.56,"external":6.96},"eventLoopLagMs":{"mean":31.18,"max":41.29},"gc":{"count":10,"totalDurationMs":6.04,"heapDropEvents":10},"tickMs":{"avg":0.47,"max":1.69,"count":1003}}
{"type":"telemetry","ts":"2026-02-25T08:00:09.074Z","cpuPercent":16.24,"memoryMb":{"rss":72.65,"heapUsed":12.62,"heapTotal":42.56,"external":3.49},"eventLoopLagMs":{"mean":31.38,"max":41.03},"gc":{"count":6,"totalDurationMs":3.29,"heapDropEvents":11},"tickMs":{"avg":0.47,"max":1.26,"count":1006}}
{"type":"telemetry","ts":"2026-02-25T08:00:14.076Z","cpuPercent":10.61,"memoryMb":{"rss":75.85,"heapUsed":17.75,"heapTotal":42.81,"external":5.74},"eventLoopLagMs":{"mean":31.35,"max":46.79},"gc":{"count":5,"totalDurationMs":2.71,"heapDropEvents":11},"tickMs":{"avg":0.47,"max":1.41,"count":994}}
{"type":"telemetry","ts":"2026-02-25T08:00:19.083Z","cpuPercent":7.19,"memoryMb":{"rss":78.73,"heapUsed":22.99,"heapTotal":43.06,"external":8.14},"eventLoopLagMs":{"mean":31.13,"max":46.07},"gc":{"count":5,"totalDurationMs":2.86,"heapDropEvents":11},"tickMs":{"avg":0.56,"max":7.32,"count":1005}}
{"type":"telemetry","ts":"2026-02-25T08:00:24.088Z","cpuPercent":29.35,"memoryMb":{"rss":74.95,"heapUsed":16.23,"heapTotal":43.06,"external":4.8},"eventLoopLagMs":{"mean":30.13,"max":55.64},"gc":{"count":6,"totalDurationMs":3.48,"heapDropEvents":12},"tickMs":{"avg":0.49,"max":2.88,"count":1001}}
{"type":"telemetry","ts":"2026-02-25T08:00:29.088Z","cpuPercent":15.3,"memoryMb":{"rss":77.42,"heapUsed":21.09,"heapTotal":43.31,"external":6.96},"eventLoopLagMs":{"mean":30.25,"max":42.6},"gc":{"count":5,"totalDurationMs":2.85,"heapDropEvents":12},"tickMs":{"avg":0.48,"max":1.99,"count":996}}
{"type":"telemetry","ts":"2026-02-25T08:00:34.089Z","cpuPercent":16.88,"memoryMb":{"rss":73.42,"heapUsed":12.65,"heapTotal":43.31,"external":3.21},"eventLoopLagMs":{"mean":30.79,"max":53.77},"gc":{"count":6,"totalDurationMs":3.6,"heapDropEvents":13},"tickMs":{"avg":0.54,"max":5.9,"count":1004}}
{"type":"telemetry","ts":"2026-02-25T08:00:39.092Z","cpuPercent":14.05,"memoryMb":{"rss":75.93,"heapUsed":17.7,"heapTotal":43.56,"external":5.36},"eventLoopLagMs":{"mean":30.43,"max":44.96},"gc":{"count":5,"totalDurationMs":3.03,"heapDropEvents":13},"tickMs":{"avg":0.52,"max":2.75,"count":1000}}
{"type":"telemetry","ts":"2026-02-25T08:00:44.096Z","cpuPercent":28.12,"memoryMb":{"rss":47.57,"heapUsed":9.25,"heapTotal":15.06,"external":3.04},"eventLoopLagMs":{"mean":30.77,"max":41.29},"gc":{"count":32,"totalDurationMs":25.68,"heapDropEvents":14},"tickMs":{"avg":0.52,"max":2.67,"count":1002}}
{"type":"telemetry","ts":"2026-02-25T08:00:49.099Z","cpuPercent":15.91,"memoryMb":{"rss":51.73,"heapUsed":11.01,"heapTotal":19.06,"external":3.55},"eventLoopLagMs":{"mean":30.99,"max":53.74},"gc":{"count":23,"totalDurationMs":10.59,"heapDropEvents":14},"tickMs":{"avg":0.55,"max":2.73,"count":996}}
{"type":"telemetry","ts":"2026-02-25T08:00:54.111Z","cpuPercent":19.33,"memoryMb":{"rss":51.87,"heapUsed":9.84,"heapTotal":19.06,"external":3.17},"eventLoopLagMs":{"mean":30.58,"max":43.29},"gc":{"count":21,"totalDurationMs":12.04,"heapDropEvents":15},"tickMs":{"avg":0.52,"max":1.63,"count":1010}}
{"type":"telemetry","ts":"2026-02-25T08:00:59.122Z","cpuPercent":26.18,"memoryMb":{"rss":51.19,"heapUsed":8.78,"heapTotal":19.06,"external":2.3},"eventLoopLagMs":{"mean":30.02,"max":41.16},"gc":{"count":21,"totalDurationMs":10.37,"heapDropEvents":16},"tickMs":{"avg":0.54,"max":2.9,"count":994}}
{"type":"telemetry","ts":"2026-02-25T08:01:04.122Z","cpuPercent":15.02,"memoryMb":{"rss":59.13,"heapUsed":10.94,"heapTotal":26.06,"external":3.79},"eventLoopLagMs":{"mean":30.82,"max":43.38},"gc":{"count":18,"totalDurationMs":10.74,"heapDropEvents":16},"tickMs":{"avg":0.55,"max":2.08,"count":1001}}
{"type":"telemetry","ts":"2026-02-25T08:01:09.138Z","cpuPercent":15.55,"memoryMb":{"rss":58.47,"heapUsed":7.82,"heapTotal":26.06,"external":2.24},"eventLoopLagMs":{"mean":30.93,"max":43.42},"gc":{"count":11,"totalDurationMs":6.93,"heapDropEvents":17},"tickMs":{"avg":0.56,"max":2.43,"count":997}}
{"type":"telemetry","ts":"2026-02-25T08:01:14.150Z","cpuPercent":17.48,"memoryMb":{"rss":60.36,"heapUsed":12.19,"heapTotal":26.06,"external":4.18},"eventLoopLagMs":{"mean":30.79,"max":46.86},"gc":{"count":10,"totalDurationMs":4.39,"heapDropEvents":17},"tickMs":{"avg":0.57,"max":2.62,"count":1010}}
{"type":"telemetry","ts":"2026-02-25T08:01:19.154Z","cpuPercent":8.73,"memoryMb":{"rss":59.16,"heapUsed":9.97,"heapTotal":26.06,"external":3.23},"eventLoopLagMs":{"mean":31.65,"max":58.72},"gc":{"count":11,"totalDurationMs":8.8,"heapDropEvents":18},"tickMs":{"avg":0.64,"max":10.11,"count":1004}}
{"type":"telemetry","ts":"2026-02-25T08:01:24.166Z","cpuPercent":18.4,"memoryMb":{"rss":61,"heapUsed":14.38,"heapTotal":26.06,"external":5.04},"eventLoopLagMs":{"mean":30.65,"max":50.99},"gc":{"count":10,"totalDurationMs":4.72,"heapDropEvents":18},"tickMs":{"avg":0.54,"max":1.68,"count":996}}
{"type":"telemetry","ts":"2026-02-25T08:01:29.174Z","cpuPercent":25.9,"memoryMb":{"rss":60.09,"heapUsed":11.89,"heapTotal":26.06,"external":3.86},"eventLoopLagMs":{"mean":30.72,"max":91.82},"gc":{"count":11,"totalDurationMs":7.85,"heapDropEvents":19},"tickMs":{"avg":0.62,"max":6.4,"count":1006}}
{"type":"telemetry","ts":"2026-02-25T08:01:34.180Z","cpuPercent":21.83,"memoryMb":{"rss":59.63,"heapUsed":10.79,"heapTotal":26.06,"external":3.11},"eventLoopLagMs":{"mean":29.66,"max":45.68},"gc":{"count":11,"totalDurationMs":5.74,"heapDropEvents":20},"tickMs":{"avg":0.66,"max":5.56,"count":1002}}
{"type":"telemetry","ts":"2026-02-25T08:01:39.194Z","cpuPercent":16.23,"memoryMb":{"rss":59.03,"heapUsed":9.07,"heapTotal":26.06,"external":5.02},"eventLoopLagMs":{"mean":31.15,"max":42.66},"gc":{"count":11,"totalDurationMs":5.01,"heapDropEvents":21},"tickMs":{"avg":0.54,"max":1.89,"count":995}}
{"type":"telemetry","ts":"2026-02-25T08:01:44.208Z","cpuPercent":18.69,"memoryMb":{"rss":60.71,"heapUsed":13.16,"heapTotal":26.06,"external":4.2},"eventLoopLagMs":{"mean":31.25,"max":42.3},"gc":{"count":10,"totalDurationMs":5.72,"heapDropEvents":21},"tickMs":{"avg":0.67,"max":4.53,"count":1014}}
{"type":"telemetry","ts":"2026-02-25T08:01:49.214Z","cpuPercent":19.96,"memoryMb":{"rss":59.41,"heapUsed":11.04,"heapTotal":26.06,"external":2.93},"eventLoopLagMs":{"mean":31.09,"max":42.5},"gc":{"count":11,"totalDurationMs":6.64,"heapDropEvents":22},"tickMs":{"avg":0.55,"max":1.66,"count":994}}
{"type":"telemetry","ts":"2026-02-25T08:01:54.218Z","cpuPercent":16.55,"memoryMb":{"rss":61.97,"heapUsed":15.4,"heapTotal":26.56,"external":4.92},"eventLoopLagMs":{"mean":31.27,"max":43.55},"gc":{"count":10,"totalDurationMs":4.99,"heapDropEvents":22},"tickMs":{"avg":0.55,"max":1.71,"count":1002}}
{"type":"telemetry","ts":"2026-02-25T08:01:59.217Z","cpuPercent":26.28,"memoryMb":{"rss":61.01,"heapUsed":13.48,"heapTotal":26.56,"external":3.77},"eventLoopLagMs":{"mean":31.23,"max":43.22},"gc":{"count":11,"totalDurationMs":5.43,"heapDropEvents":23},"tickMs":{"avg":0.54,"max":2.37,"count":999}}
{"type":"telemetry","ts":"2026-02-25T08:02:04.219Z","cpuPercent":17.47,"memoryMb":{"rss":60.54,"heapUsed":11.77,"heapTotal":26.81,"external":3.07},"eventLoopLagMs":{"mean":30.43,"max":44.24},"gc":{"count":11,"totalDurationMs":5.43,"heapDropEvents":24},"tickMs":{"avg":0.56,"max":2.93,"count":1008}}
{"type":"telemetry","ts":"2026-02-25T08:02:09.236Z","cpuPercent":16.83,"memoryMb":{"rss":74.92,"heapUsed":14.36,"heapTotal":42.56,"external":5.36},"eventLoopLagMs":{"mean":30.59,"max":42.14},"gc":{"count":9,"totalDurationMs":7.14,"heapDropEvents":24},"tickMs":{"avg":0.58,"max":4.16,"count":1000}}
{"type":"telemetry","ts":"2026-02-25T08:02:14.243Z","cpuPercent":16.24,"memoryMb":{"rss":77.2,"heapUsed":19.31,"heapTotal":42.56,"external":7.4},"eventLoopLagMs":{"mean":30.62,"max":47.84},"gc":{"count":5,"totalDurationMs":2.75,"heapDropEvents":24},"tickMs":{"avg":0.56,"max":3.15,"count":997}}
{"type":"telemetry","ts":"2026-02-25T08:02:19.245Z","cpuPercent":14.05,"memoryMb":{"rss":74.2,"heapUsed":11.48,"heapTotal":42.56,"external":3.8},"eventLoopLagMs":{"mean":30.3,"max":57.93},"gc":{"count":6,"totalDurationMs":3.12,"heapDropEvents":25},"tickMs":{"avg":0.59,"max":12.68,"count":1002}}
{"type":"telemetry","ts":"2026-02-25T08:02:24.249Z","cpuPercent":13.11,"memoryMb":{"rss":76.88,"heapUsed":16.31,"heapTotal":42.56,"external":5.95},"eventLoopLagMs":{"mean":31.62,"max":79.89},"gc":{"count":5,"totalDurationMs":3.11,"heapDropEvents":25},"tickMs":{"avg":0.69,"max":10.89,"count":1001}}
{"type":"telemetry","ts":"2026-02-25T08:02:29.258Z","cpuPercent":23.08,"memoryMb":{"rss":73.35,"heapUsed":8.79,"heapTotal":42.56,"external":2.48},"eventLoopLagMs":{"mean":30.9,"max":39.98},"gc":{"count":6,"totalDurationMs":5.09,"heapDropEvents":26},"tickMs":{"avg":0.69,"max":9.05,"count":1004}}
{"type":"telemetry","ts":"2026-02-25T08:02:34.263Z","cpuPercent":13.43,"memoryMb":{"rss":75.34,"heapUsed":14.52,"heapTotal":42.56,"external":5.02},"eventLoopLagMs":{"mean":30.93,"max":38.7},"gc":{"count":5,"totalDurationMs":2.75,"heapDropEvents":26},"tickMs":{"avg":0.54,"max":3.34,"count":1001}}
{"type":"telemetry","ts":"2026-02-25T08:02:39.273Z","cpuPercent":22.13,"memoryMb":{"rss":78.3,"heapUsed":19.45,"heapTotal":42.56,"external":7.23},"eventLoopLagMs":{"mean":31.73,"max":84.87},"gc":{"count":5,"totalDurationMs":2.75,"heapDropEvents":26},"tickMs":{"avg":0.7,"max":53.72,"count":1002}}
{"type":"telemetry","ts":"2026-02-25T08:02:44.279Z","cpuPercent":13.43,"memoryMb":{"rss":74.44,"heapUsed":12.28,"heapTotal":42.56,"external":3.92},"eventLoopLagMs":{"mean":31.11,"max":40.67},"gc":{"count":6,"totalDurationMs":4.15,"heapDropEvents":27},"tickMs":{"avg":0.55,"max":2.66,"count":1001}}
{"type":"telemetry","ts":"2026-02-25T08:02:49.283Z","cpuPercent":21.86,"memoryMb":{"rss":76.45,"heapUsed":17.5,"heapTotal":42.56,"external":6.17},"eventLoopLagMs":{"mean":31.41,"max":50.86},"gc":{"count":5,"totalDurationMs":2.91,"heapDropEvents":27},"tickMs":{"avg":0.55,"max":4.08,"count":1002}}
{"type":"telemetry","ts":"2026-02-25T08:02:54.288Z","cpuPercent":25.61,"memoryMb":{"rss":73.32,"heapUsed":9.58,"heapTotal":42.56,"external":2.58},"eventLoopLagMs":{"mean":31.35,"max":44.66},"gc":{"count":6,"totalDurationMs":3.04,"heapDropEvents":28},"tickMs":{"avg":0.54,"max":2.08,"count":1001}}
{"type":"telemetry","ts":"2026-02-25T08:02:59.296Z","cpuPercent":29.01,"memoryMb":{"rss":74.97,"heapUsed":14.89,"heapTotal":42.56,"external":4.89},"eventLoopLagMs":{"mean":31.06,"max":45.88},"gc":{"count":5,"totalDurationMs":2.59,"heapDropEvents":28},"tickMs":{"avg":0.53,"max":1.39,"count":1002}}
{"type":"telemetry","ts":"2026-02-25T08:03:04.310Z","cpuPercent":12.15,"memoryMb":{"rss":77.04,"heapUsed":19.16,"heapTotal":42.56,"external":6.58},"eventLoopLagMs":{"mean":30.95,"max":46.4},"gc":{"count":5,"totalDurationMs":2.96,"heapDropEvents":28},"tickMs":{"avg":0.58,"max":4.57,"count":994}}
{"type":"telemetry","ts":"2026-02-25T08:03:09.319Z","cpuPercent":24.95,"memoryMb":{"rss":73.62,"heapUsed":9.58,"heapTotal":42.56,"external":2.33},"eventLoopLagMs":{"mean":32.53,"max":91.36},"gc":{"count":6,"totalDurationMs":5.33,"heapDropEvents":29},"tickMs":{"avg":0.89,"max":15.42,"count":1008}}
{"type":"telemetry","ts":"2026-02-25T08:03:14.328Z","cpuPercent":15.29,"memoryMb":{"rss":75.1,"heapUsed":14.81,"heapTotal":42.56,"external":4.58},"eventLoopLagMs":{"mean":31.48,"max":61.77},"gc":{"count":5,"totalDurationMs":2.87,"heapDropEvents":29},"tickMs":{"avg":0.57,"max":3.55,"count":1005}}
{"type":"telemetry","ts":"2026-02-25T08:03:19.330Z","cpuPercent":14.99,"memoryMb":{"rss":77.86,"heapUsed":17.21,"heapTotal":42.56,"external":6.51},"eventLoopLagMs":{"mean":31.06,"max":44.07},"gc":{"count":7,"totalDurationMs":5.26,"heapDropEvents":29},"tickMs":{"avg":0.6,"max":6.14,"count":997}}
{"type":"telemetry","ts":"2026-02-25T08:03:24.334Z","cpuPercent":17.17,"memoryMb":{"rss":74.36,"heapUsed":8.73,"heapTotal":42.56,"external":2.58},"eventLoopLagMs":{"mean":32.78,"max":154.93},"gc":{"count":6,"totalDurationMs":3.95,"heapDropEvents":30},"tickMs":{"avg":0.85,"max":66.51,"count":1002}}
{"type":"telemetry","ts":"2026-02-25T08:03:29.341Z","cpuPercent":29.66,"memoryMb":{"rss":75.19,"heapUsed":11.95,"heapTotal":42.56,"external":4.07},"eventLoopLagMs":{"mean":31.37,"max":68.68},"gc":{"count":5,"totalDurationMs":3.53,"heapDropEvents":30},"tickMs":{"avg":0.77,"max":11.92,"count":1001}}
{"type":"telemetry","ts":"2026-02-25T08:03:34.349Z","cpuPercent":20.89,"memoryMb":{"rss":77.38,"heapUsed":16.42,"heapTotal":42.56,"external":6.02},"eventLoopLagMs":{"mean":31.46,"max":104.66},"gc":{"count":5,"totalDurationMs":2.56,"heapDropEvents":30},"tickMs":{"avg":0.75,"max":37.86,"count":1003}}
{"type":"telemetry","ts":"2026-02-25T08:03:39.357Z","cpuPercent":19.97,"memoryMb":{"rss":74.48,"heapUsed":8.5,"heapTotal":42.56,"external":8.09},"eventLoopLagMs":{"mean":31.01,"max":49.51},"gc":{"count":6,"totalDurationMs":5.48,"heapDropEvents":31},"tickMs":{"avg":0.58,"max":2.24,"count":996}}
{"type":"telemetry","ts":"2026-02-25T08:03:44.361Z","cpuPercent":16.87,"memoryMb":{"rss":74.03,"heapUsed":10.3,"heapTotal":42.56,"external":2.23},"eventLoopLagMs":{"mean":30.94,"max":56.07},"gc":{"count":4,"totalDurationMs":2.77,"heapDropEvents":31},"tickMs":{"avg":0.48,"max":11.39,"count":1009}}
{"type":"telemetry","ts":"2026-02-25T08:03:49.363Z","cpuPercent":0,"memoryMb":{"rss":74.03,"heapUsed":13.91,"heapTotal":42.56,"external":2.23},"eventLoopLagMs":{"mean":31.57,"max":32.49},"gc":{"count":0,"totalDurationMs":0,"heapDropEvents":31},"tickMs":{"avg":0.01,"max":0.36,"count":1000}}
{"type":"telemetry","ts":"2026-02-25T08:03:54.376Z","cpuPercent":0.3,"memoryMb":{"rss":74.03,"heapUsed":16.72,"heapTotal":42.56,"external":2.24},"eventLoopLagMs":{"mean":31.73,"max":34.57},"gc":{"count":0,"totalDurationMs":0,"heapDropEvents":31},"tickMs":{"avg":0.01,"max":0.37,"count":747}}
